-------------------------------------------------------------------------------
Test set: com.mycompany.ejertestparam.UtilidadesTest
-------------------------------------------------------------------------------
Tests run: 1, Failures: 1, Errors: 0, Skipped: 0, Time elapsed: 0.002 sec <<< FAILURE! - in com.mycompany.ejertestparam.UtilidadesTest
testSomeMethod(com.mycompany.ejertestparam.UtilidadesTest)  Time elapsed: 0.002 sec  <<< FAILURE!
java.lang.AssertionError: The test case is a prototype.
	at com.mycompany.ejertestparam.UtilidadesTest.testSomeMethod(UtilidadesTest.java:22)

